This job can be monitored from: https://job.c3se.chalmers.se/alvis/3903387
Using device: cuda
Number of valid files: 1491
Epoch 1, Train Loss: 1.3884, Val Loss: 1.1027
Epoch 2, Train Loss: 1.0562, Val Loss: 1.0229
Epoch 3, Train Loss: 0.9543, Val Loss: 1.0093
Epoch 4, Train Loss: 0.9484, Val Loss: 1.0115
Epoch 5, Train Loss: 0.9494, Val Loss: 0.9986
Epoch 6, Train Loss: 0.9513, Val Loss: 1.0159
Epoch 7, Train Loss: 0.9284, Val Loss: 1.0500
Epoch 8, Train Loss: 0.9485, Val Loss: 1.0582
Epoch 9, Train Loss: 0.9308, Val Loss: 1.1021
Epoch 10, Train Loss: 0.9167, Val Loss: 1.0815
Epoch 11, Train Loss: 0.9088, Val Loss: 1.0240
Epoch 12, Train Loss: 0.9035, Val Loss: 1.0936
Epoch 13, Train Loss: 0.9075, Val Loss: 1.1643
Epoch 14, Train Loss: 0.8991, Val Loss: 1.0650
Epoch 15, Train Loss: 0.8827, Val Loss: 1.0111
Epoch 16, Train Loss: 0.8657, Val Loss: 1.0492
Epoch 17, Train Loss: 0.8512, Val Loss: 1.0892
Epoch 18, Train Loss: 0.8379, Val Loss: 1.1999
Epoch 19, Train Loss: 0.8286, Val Loss: 1.2135
Epoch 20, Train Loss: 0.8257, Val Loss: 1.2254
Epoch 21, Train Loss: 0.7647, Val Loss: 1.1440
Epoch 22, Train Loss: 0.7496, Val Loss: 1.4693
Epoch 23, Train Loss: 0.7283, Val Loss: 1.4473
Epoch 24, Train Loss: 0.6840, Val Loss: 1.3575
Epoch 25, Train Loss: 0.6705, Val Loss: 1.3625
Epoch 26, Train Loss: 0.6203, Val Loss: 1.5460
Epoch 27, Train Loss: 0.5664, Val Loss: 1.7578
Epoch 28, Train Loss: 0.5321, Val Loss: 1.7044
Epoch 29, Train Loss: 0.5199, Val Loss: 2.2041
Epoch 30, Train Loss: 0.3917, Val Loss: 3.3395
Loss curve saved as loss_curve.png

--- Evaluation Metrics ---
Accuracy: 0.5973154362416108
Precision: 0.3283582089552239
Recall: 0.2268041237113402
F1 Score: 0.2682926829268293
ROC AUC Score: 0.5038723906241986
Confusion Matrix: 
 [[156  45]
 [ 75  22]]
✅ Training complete!
