This job can be monitored from: https://job.c3se.chalmers.se/alvis/3855769
Number of valid files: 1491
Epoch 1, Loss: 0.9693340144827214
Epoch 2, Loss: 0.9521129354585374
Epoch 3, Loss: 0.9220487103613723
Epoch 4, Loss: 0.9127429721746158
Epoch 5, Loss: 0.8837404460412602
Epoch 6, Loss: 0.8587228065749076
Epoch 7, Loss: 0.820913999375691
Epoch 8, Loss: 0.7986205093637359
Epoch 9, Loss: 0.7429333513098019
Epoch 10, Loss: 0.7013459183200944
Epoch 11, Loss: 0.6473404063428924
Epoch 12, Loss: 0.611757223522384
Epoch 13, Loss: 0.5843932210502019
Epoch 14, Loss: 0.5357038774916958
Epoch 15, Loss: 0.4900851362325675
Epoch 16, Loss: 0.458674029064019
Epoch 17, Loss: 0.4243426458243542
Epoch 18, Loss: 0.3873445959543703
Epoch 19, Loss: 0.34879578787048526
Epoch 20, Loss: 0.33280625634119665
Epoch 21, Loss: 0.2960958863954281
Epoch 22, Loss: 0.2644430538359095
Epoch 23, Loss: 0.23343620323467015
Epoch 24, Loss: 0.21141540813555684
Epoch 25, Loss: 0.1956061281911705
Epoch 26, Loss: 0.18184099907061727
Epoch 27, Loss: 0.18099720303567257
Epoch 28, Loss: 0.13375891342347979
Epoch 29, Loss: 0.1276711504470345
Epoch 30, Loss: 0.10124122838561352

--- Evaluation Metrics ---
Accuracy: 0.610738255033557
Precision: 0.37373737373737376
Recall: 0.4065934065934066
F1 Score: 0.3894736842105263
ROC AUC Score: 0.572808833678399
Confusion Matrix: 
 [[145  62]
 [ 54  37]]
✅ Training complete!
