This job can be monitored from: https://job.c3se.chalmers.se/alvis/3855701
Number of valid files: 1491
Epoch 1, Loss: 0.9830308836203159
Epoch 2, Loss: 0.9621736640585012
Epoch 3, Loss: 0.9448656572413509
Epoch 4, Loss: 0.9265157025876697
Epoch 5, Loss: 0.9158962089318692
Epoch 6, Loss: 0.8884620332526137
Epoch 7, Loss: 0.8693192187327162
Epoch 8, Loss: 0.8424993203728193
Epoch 9, Loss: 0.814348597628821
Epoch 10, Loss: 0.7755156764236276
Epoch 11, Loss: 0.7471943309096165
Epoch 12, Loss: 0.7086346429091037
Epoch 13, Loss: 0.6765721142292023
Epoch 14, Loss: 0.6442812246947123
Epoch 15, Loss: 0.6215782860249042
Epoch 16, Loss: 0.5863537241083048
Epoch 17, Loss: 0.5478577945411365
Epoch 18, Loss: 0.5191997649203037
Epoch 19, Loss: 0.4961802889330777
Epoch 20, Loss: 0.46027180212911906
Epoch 21, Loss: 0.4395151438126615
Epoch 22, Loss: 0.4128089123692653
Epoch 23, Loss: 0.3924007183465178
Epoch 24, Loss: 0.3570059986919884
Epoch 25, Loss: 0.3335836850925681
Epoch 26, Loss: 0.31380629285810463
Epoch 27, Loss: 0.2907893219488316
Epoch 28, Loss: 0.29087800426213895
Epoch 29, Loss: 0.2515070010426057
Epoch 30, Loss: 0.23530178013240205

--- Evaluation Metrics ---
Accuracy: 0.9557344064386318
Precision: 0.8800813008130082
Recall: 0.9840909090909091
F1 Score: 0.9291845493562233
ROC AUC Score: 0.9950999048525214
Confusion Matrix: 
 [[992  59]
 [  7 433]]
✅ Training complete!
