This job can be monitored from: https://job.c3se.chalmers.se/alvis/3917228
🔥 Using device: cuda
✅ Loaded 1491 valid samples
[DEBUG] t0: μ=-0.0003, σ=0.9327
[DEBUG] t1: μ=-0.0002, σ=0.9476
[DEBUG] t2: μ=-0.0002, σ=0.9630
[DEBUG] t0: μ=0.0000, σ=0.9593
[DEBUG] t1: μ=-0.0001, σ=0.9698
[DEBUG] t2: μ=-0.0000, σ=0.9747
[DEBUG] t0: μ=-0.0000, σ=0.9522
[DEBUG] t1: μ=0.0000, σ=0.9602
[DEBUG] t2: μ=-0.0000, σ=0.9619
[DEBUG] t0: μ=0.0000, σ=0.9593
[DEBUG] t1: μ=-0.0001, σ=0.9698
[DEBUG] t2: μ=-0.0000, σ=0.9747
[DEBUG] t0: μ=-0.0003, σ=0.9327
[DEBUG] t1: μ=-0.0002, σ=0.9476
[DEBUG] t2: μ=-0.0002, σ=0.9630
[DEBUG] t0: μ=-0.0000, σ=0.9522
[DEBUG] t1: μ=0.0000, σ=0.9602
[DEBUG] t2: μ=-0.0000, σ=0.9619
[DEBUG] t0: μ=-0.0000, σ=0.9522
[DEBUG] t1: μ=0.0000, σ=0.9602
[DEBUG] t2: μ=-0.0000, σ=0.9619
Epoch 1, Train Loss: 1.3421, Val Loss: 0.9640, AUC: 0.5065
[DEBUG] t0: μ=-0.0003, σ=0.9327
[DEBUG] t1: μ=-0.0002, σ=0.9476
[DEBUG] t2: μ=-0.0002, σ=0.9630
[DEBUG] t0: μ=-0.0000, σ=0.9522
[DEBUG] t1: μ=0.0000, σ=0.9602
[DEBUG] t2: μ=-0.0000, σ=0.9619
[DEBUG] t0: μ=0.0000, σ=0.9593
[DEBUG] t1: μ=-0.0001, σ=0.9698
[DEBUG] t2: μ=-0.0000, σ=0.9747
Epoch 2, Train Loss: 0.9675, Val Loss: 0.9424, AUC: 0.5378
[DEBUG] t0: μ=-0.0003, σ=0.9327
[DEBUG] t1: μ=-0.0002, σ=0.9476
[DEBUG] t2: μ=-0.0002, σ=0.9630
[DEBUG] t0: μ=-0.0003, σ=0.9327
[DEBUG] t1: μ=-0.0002, σ=0.9476
[DEBUG] t2: μ=-0.0002, σ=0.9630
Epoch 3, Train Loss: 0.9660, Val Loss: 0.9427, AUC: 0.5494
[DEBUG] t0: μ=-0.0003, σ=0.9327
[DEBUG] t1: μ=-0.0002, σ=0.9476
[DEBUG] t2: μ=-0.0002, σ=0.9630
[DEBUG] t0: μ=-0.0000, σ=0.9522
[DEBUG] t1: μ=0.0000, σ=0.9602
[DEBUG] t2: μ=-0.0000, σ=0.9619
Epoch 4, Train Loss: 0.9705, Val Loss: 1.0203, AUC: 0.5104
[DEBUG] t0: μ=-0.0003, σ=0.9327
[DEBUG] t1: μ=-0.0002, σ=0.9476
[DEBUG] t2: μ=-0.0002, σ=0.9630
[DEBUG] t0: μ=-0.0003, σ=0.9327
[DEBUG] t1: μ=-0.0002, σ=0.9476
[DEBUG] t2: μ=-0.0002, σ=0.9630
[DEBUG] t0: μ=-0.0003, σ=0.9327
[DEBUG] t1: μ=-0.0002, σ=0.9476
[DEBUG] t2: μ=-0.0002, σ=0.9630
[DEBUG] t0: μ=-0.0003, σ=0.9327
[DEBUG] t1: μ=-0.0002, σ=0.9476
[DEBUG] t2: μ=-0.0002, σ=0.9630
[DEBUG] t0: μ=-0.0003, σ=0.9327
[DEBUG] t1: μ=-0.0002, σ=0.9476
[DEBUG] t2: μ=-0.0002, σ=0.9630
[DEBUG] t0: μ=-0.0003, σ=0.9327
[DEBUG] t1: μ=-0.0002, σ=0.9476
[DEBUG] t2: μ=-0.0002, σ=0.9630
Epoch 5, Train Loss: 0.9598, Val Loss: 1.0397, AUC: 0.4983
[DEBUG] t0: μ=-0.0000, σ=0.9522
[DEBUG] t1: μ=0.0000, σ=0.9602
[DEBUG] t2: μ=-0.0000, σ=0.9619
[DEBUG] t0: μ=-0.0003, σ=0.9327
[DEBUG] t1: μ=-0.0002, σ=0.9476
[DEBUG] t2: μ=-0.0002, σ=0.9630
[DEBUG] t0: μ=-0.0000, σ=0.9522
[DEBUG] t1: μ=0.0000, σ=0.9602
[DEBUG] t2: μ=-0.0000, σ=0.9619
[DEBUG] t0: μ=-0.0003, σ=0.9327
[DEBUG] t1: μ=-0.0002, σ=0.9476
[DEBUG] t2: μ=-0.0002, σ=0.9630
Epoch 6, Train Loss: 0.9465, Val Loss: 0.9960, AUC: 0.5200
[DEBUG] t0: μ=-0.0003, σ=0.9327
[DEBUG] t1: μ=-0.0002, σ=0.9476
[DEBUG] t2: μ=-0.0002, σ=0.9630
[DEBUG] t0: μ=-0.0003, σ=0.9327
[DEBUG] t1: μ=-0.0002, σ=0.9476
[DEBUG] t2: μ=-0.0002, σ=0.9630
[DEBUG] t0: μ=-0.0003, σ=0.9327
[DEBUG] t1: μ=-0.0002, σ=0.9476
[DEBUG] t2: μ=-0.0002, σ=0.9630
[DEBUG] t0: μ=0.0000, σ=0.9593
[DEBUG] t1: μ=-0.0001, σ=0.9698
[DEBUG] t2: μ=-0.0000, σ=0.9747
Epoch 7, Train Loss: 0.9469, Val Loss: 0.9696, AUC: 0.5036
[DEBUG] t0: μ=-0.0000, σ=0.9522
[DEBUG] t1: μ=0.0000, σ=0.9602
[DEBUG] t2: μ=-0.0000, σ=0.9619
[DEBUG] t0: μ=-0.0003, σ=0.9327
[DEBUG] t1: μ=-0.0002, σ=0.9476
[DEBUG] t2: μ=-0.0002, σ=0.9630
[DEBUG] t0: μ=-0.0003, σ=0.9327
[DEBUG] t1: μ=-0.0002, σ=0.9476
[DEBUG] t2: μ=-0.0002, σ=0.9630
Epoch 8, Train Loss: 0.9496, Val Loss: 1.0210, AUC: 0.4996
[DEBUG] t0: μ=0.0000, σ=0.9593
[DEBUG] t1: μ=-0.0001, σ=0.9698
[DEBUG] t2: μ=-0.0000, σ=0.9747
[DEBUG] t0: μ=0.0000, σ=0.9593
[DEBUG] t1: μ=-0.0001, σ=0.9698
[DEBUG] t2: μ=-0.0000, σ=0.9747
[DEBUG] t0: μ=-0.0003, σ=0.9327
[DEBUG] t1: μ=-0.0002, σ=0.9476
[DEBUG] t2: μ=-0.0002, σ=0.9630
Epoch 9, Train Loss: 0.9575, Val Loss: 0.9476, AUC: 0.5406
⏹️ Early stopping at epoch 9
📈 Saved loss curve.

🎯 Optimal Threshold based on F1: 0.5268

--- Evaluation ---
Accuracy:  0.3490
Precision: 0.3190
Recall:    0.9570
F1 Score:  0.4826
ROC AUC:   0.5170
Confusion Matrix:
 [[ 15 190]
 [  4  89]]
