This job can be monitored from: https://job.c3se.chalmers.se/alvis/3917051
🔥 Using device: cuda
✅ Loaded 1491 valid samples
[DEBUG] t2: mean=0.0002, std=0.9733
[DEBUG] Δ1: mean=0.0002, std=0.2089
[DEBUG] Δ2: mean=-0.0000, std=0.3270
[DEBUG] t2: mean=-0.0002, std=0.9630
[DEBUG] Δ1: mean=0.0000, std=0.5324
[DEBUG] Δ2: mean=0.0001, std=0.5101
[DEBUG] t2: mean=-0.0000, std=0.9619
[DEBUG] Δ1: mean=-0.0001, std=0.3818
[DEBUG] Δ2: mean=0.0001, std=0.6777
[DEBUG] t2: mean=-0.0002, std=0.9630
[DEBUG] Δ1: mean=0.0000, std=0.5324
[DEBUG] Δ2: mean=0.0001, std=0.5101
[DEBUG] t2: mean=-0.0002, std=0.9630
[DEBUG] Δ1: mean=0.0000, std=0.5324
[DEBUG] Δ2: mean=0.0001, std=0.5101
[DEBUG] t2: mean=-0.0002, std=0.9630
[DEBUG] Δ1: mean=0.0000, std=0.5324
[DEBUG] Δ2: mean=0.0001, std=0.5101
[DEBUG] t2: mean=-0.0002, std=0.9630
[DEBUG] Δ1: mean=0.0000, std=0.5324
[DEBUG] Δ2: mean=0.0001, std=0.5101
[DEBUG] t2: mean=-0.0000, std=0.9747
[DEBUG] Δ1: mean=0.0000, std=0.2559
[DEBUG] Δ2: mean=-0.0001, std=0.5599
[DEBUG] t2: mean=0.0000, std=0.9245
[DEBUG] Δ1: mean=-0.0000, std=0.1699
[DEBUG] Δ2: mean=-0.0000, std=0.2998
Epoch 1, Train Loss: 1.3206, Val Loss: 0.9736, AUC: 0.5143
[DEBUG] t2: mean=-0.0002, std=0.9630
[DEBUG] Δ1: mean=0.0000, std=0.5324
[DEBUG] Δ2: mean=0.0001, std=0.5101
[DEBUG] t2: mean=-0.0002, std=0.9630
[DEBUG] Δ1: mean=0.0000, std=0.5324
[DEBUG] Δ2: mean=0.0001, std=0.5101
[DEBUG] t2: mean=-0.0002, std=0.9630
[DEBUG] Δ1: mean=0.0000, std=0.5324
[DEBUG] Δ2: mean=0.0001, std=0.5101
[DEBUG] t2: mean=-0.0000, std=0.9619
[DEBUG] Δ1: mean=-0.0001, std=0.3818
[DEBUG] Δ2: mean=0.0001, std=0.6777
[DEBUG] t2: mean=-0.0000, std=0.9619
[DEBUG] Δ1: mean=-0.0001, std=0.3818
[DEBUG] Δ2: mean=0.0001, std=0.6777
[DEBUG] t2: mean=-0.0000, std=0.9747
[DEBUG] Δ1: mean=0.0000, std=0.2559
[DEBUG] Δ2: mean=-0.0001, std=0.5599
[DEBUG] t2: mean=0.0000, std=0.9245
[DEBUG] Δ1: mean=-0.0000, std=0.1699
[DEBUG] Δ2: mean=-0.0000, std=0.2998
Epoch 2, Train Loss: 0.9782, Val Loss: 1.0547, AUC: 0.4327
[DEBUG] t2: mean=-0.0000, std=0.9619
[DEBUG] Δ1: mean=-0.0001, std=0.3818
[DEBUG] Δ2: mean=0.0001, std=0.6777
[DEBUG] t2: mean=0.0002, std=0.9733
[DEBUG] Δ1: mean=0.0002, std=0.2089
[DEBUG] Δ2: mean=-0.0000, std=0.3270
[DEBUG] t2: mean=-0.0002, std=0.9630
[DEBUG] Δ1: mean=0.0000, std=0.5324
[DEBUG] Δ2: mean=0.0001, std=0.5101
[DEBUG] t2: mean=-0.0002, std=0.9630
[DEBUG] Δ1: mean=0.0000, std=0.5324
[DEBUG] Δ2: mean=0.0001, std=0.5101
[DEBUG] t2: mean=-0.0000, std=0.9619
[DEBUG] Δ1: mean=-0.0001, std=0.3818
[DEBUG] Δ2: mean=0.0001, std=0.6777
[DEBUG] t2: mean=0.0002, std=0.9733
[DEBUG] Δ1: mean=0.0002, std=0.2089
[DEBUG] Δ2: mean=-0.0000, std=0.3270
[DEBUG] t2: mean=-0.0000, std=0.9747
[DEBUG] Δ1: mean=0.0000, std=0.2559
[DEBUG] Δ2: mean=-0.0001, std=0.5599
[DEBUG] t2: mean=0.0000, std=0.9245
[DEBUG] Δ1: mean=-0.0000, std=0.1699
[DEBUG] Δ2: mean=-0.0000, std=0.2998
Epoch 3, Train Loss: 0.9662, Val Loss: 1.0252, AUC: 0.4800
[DEBUG] t2: mean=-0.0002, std=0.9630
[DEBUG] Δ1: mean=0.0000, std=0.5324
[DEBUG] Δ2: mean=0.0001, std=0.5101
[DEBUG] t2: mean=-0.0000, std=0.9619
[DEBUG] Δ1: mean=-0.0001, std=0.3818
[DEBUG] Δ2: mean=0.0001, std=0.6777
[DEBUG] t2: mean=0.0002, std=0.9733
[DEBUG] Δ1: mean=0.0002, std=0.2089
[DEBUG] Δ2: mean=-0.0000, std=0.3270
[DEBUG] t2: mean=-0.0000, std=0.9747
[DEBUG] Δ1: mean=0.0000, std=0.2559
[DEBUG] Δ2: mean=-0.0001, std=0.5599
[DEBUG] t2: mean=0.0000, std=0.9245
[DEBUG] Δ1: mean=-0.0000, std=0.1699
[DEBUG] Δ2: mean=-0.0000, std=0.2998
Epoch 4, Train Loss: 0.9563, Val Loss: 1.0037, AUC: 0.5195
[DEBUG] t2: mean=-0.0002, std=0.9630
[DEBUG] Δ1: mean=0.0000, std=0.5324
[DEBUG] Δ2: mean=0.0001, std=0.5101
[DEBUG] t2: mean=-0.0002, std=0.9630
[DEBUG] Δ1: mean=0.0000, std=0.5324
[DEBUG] Δ2: mean=0.0001, std=0.5101
[DEBUG] t2: mean=-0.0002, std=0.9630
[DEBUG] Δ1: mean=0.0000, std=0.5324
[DEBUG] Δ2: mean=0.0001, std=0.5101
[DEBUG] t2: mean=-0.0002, std=0.9630
[DEBUG] Δ1: mean=0.0000, std=0.5324
[DEBUG] Δ2: mean=0.0001, std=0.5101
[DEBUG] t2: mean=-0.0002, std=0.9630
[DEBUG] Δ1: mean=0.0000, std=0.5324
[DEBUG] Δ2: mean=0.0001, std=0.5101
[DEBUG] t2: mean=-0.0002, std=0.9630
[DEBUG] Δ1: mean=0.0000, std=0.5324
[DEBUG] Δ2: mean=0.0001, std=0.5101
[DEBUG] t2: mean=-0.0000, std=0.9747
[DEBUG] Δ1: mean=0.0000, std=0.2559
[DEBUG] Δ2: mean=-0.0001, std=0.5599
[DEBUG] t2: mean=0.0000, std=0.9245
[DEBUG] Δ1: mean=-0.0000, std=0.1699
[DEBUG] Δ2: mean=-0.0000, std=0.2998
Epoch 5, Train Loss: 0.9721, Val Loss: 0.9770, AUC: 0.5074
[DEBUG] t2: mean=-0.0002, std=0.9630
[DEBUG] Δ1: mean=0.0000, std=0.5324
[DEBUG] Δ2: mean=0.0001, std=0.5101
[DEBUG] t2: mean=-0.0002, std=0.9630
[DEBUG] Δ1: mean=0.0000, std=0.5324
[DEBUG] Δ2: mean=0.0001, std=0.5101
[DEBUG] t2: mean=-0.0000, std=0.9619
[DEBUG] Δ1: mean=-0.0001, std=0.3818
[DEBUG] Δ2: mean=0.0001, std=0.6777
[DEBUG] t2: mean=-0.0002, std=0.9630
[DEBUG] Δ1: mean=0.0000, std=0.5324
[DEBUG] Δ2: mean=0.0001, std=0.5101
[DEBUG] t2: mean=-0.0000, std=0.9747
[DEBUG] Δ1: mean=0.0000, std=0.2559
[DEBUG] Δ2: mean=-0.0001, std=0.5599
[DEBUG] t2: mean=0.0000, std=0.9245
[DEBUG] Δ1: mean=-0.0000, std=0.1699
[DEBUG] Δ2: mean=-0.0000, std=0.2998
Epoch 6, Train Loss: 0.9439, Val Loss: 1.0753, AUC: 0.5141
[DEBUG] t2: mean=-0.0002, std=0.9630
[DEBUG] Δ1: mean=0.0000, std=0.5324
[DEBUG] Δ2: mean=0.0001, std=0.5101
[DEBUG] t2: mean=-0.0002, std=0.9630
[DEBUG] Δ1: mean=0.0000, std=0.5324
[DEBUG] Δ2: mean=0.0001, std=0.5101
[DEBUG] t2: mean=-0.0000, std=0.9619
[DEBUG] Δ1: mean=-0.0001, std=0.3818
[DEBUG] Δ2: mean=0.0001, std=0.6777
[DEBUG] t2: mean=-0.0000, std=0.9747
[DEBUG] Δ1: mean=0.0000, std=0.2559
[DEBUG] Δ2: mean=-0.0001, std=0.5599
[DEBUG] t2: mean=0.0000, std=0.9245
[DEBUG] Δ1: mean=-0.0000, std=0.1699
[DEBUG] Δ2: mean=-0.0000, std=0.2998
Epoch 7, Train Loss: 0.9693, Val Loss: 0.9647, AUC: 0.5541
[DEBUG] t2: mean=0.0002, std=0.9733
[DEBUG] Δ1: mean=0.0002, std=0.2089
[DEBUG] Δ2: mean=-0.0000, std=0.3270
[DEBUG] t2: mean=-0.0002, std=0.9630
[DEBUG] Δ1: mean=0.0000, std=0.5324
[DEBUG] Δ2: mean=0.0001, std=0.5101
[DEBUG] t2: mean=0.0002, std=0.9733
[DEBUG] Δ1: mean=0.0002, std=0.2089
[DEBUG] Δ2: mean=-0.0000, std=0.3270
[DEBUG] t2: mean=-0.0000, std=0.9747
[DEBUG] Δ1: mean=0.0000, std=0.2559
[DEBUG] Δ2: mean=-0.0001, std=0.5599
[DEBUG] t2: mean=0.0000, std=0.9245
[DEBUG] Δ1: mean=-0.0000, std=0.1699
[DEBUG] Δ2: mean=-0.0000, std=0.2998
Epoch 8, Train Loss: 0.9611, Val Loss: 0.9268, AUC: 0.5001
[DEBUG] t2: mean=0.0002, std=0.9733
[DEBUG] Δ1: mean=0.0002, std=0.2089
[DEBUG] Δ2: mean=-0.0000, std=0.3270
[DEBUG] t2: mean=-0.0002, std=0.9630
[DEBUG] Δ1: mean=0.0000, std=0.5324
[DEBUG] Δ2: mean=0.0001, std=0.5101
[DEBUG] t2: mean=0.0002, std=0.9733
[DEBUG] Δ1: mean=0.0002, std=0.2089
[DEBUG] Δ2: mean=-0.0000, std=0.3270
[DEBUG] t2: mean=0.0002, std=0.9733
[DEBUG] Δ1: mean=0.0002, std=0.2089
[DEBUG] Δ2: mean=-0.0000, std=0.3270
[DEBUG] t2: mean=-0.0000, std=0.9747
[DEBUG] Δ1: mean=0.0000, std=0.2559
[DEBUG] Δ2: mean=-0.0001, std=0.5599
[DEBUG] t2: mean=0.0000, std=0.9245
[DEBUG] Δ1: mean=-0.0000, std=0.1699
[DEBUG] Δ2: mean=-0.0000, std=0.2998
Epoch 9, Train Loss: 0.9653, Val Loss: 1.0791, AUC: 0.5522
[DEBUG] t2: mean=-0.0002, std=0.9630
[DEBUG] Δ1: mean=0.0000, std=0.5324
[DEBUG] Δ2: mean=0.0001, std=0.5101
[DEBUG] t2: mean=-0.0002, std=0.9630
[DEBUG] Δ1: mean=0.0000, std=0.5324
[DEBUG] Δ2: mean=0.0001, std=0.5101
[DEBUG] t2: mean=-0.0000, std=0.9747
[DEBUG] Δ1: mean=0.0000, std=0.2559
[DEBUG] Δ2: mean=-0.0001, std=0.5599
[DEBUG] t2: mean=0.0000, std=0.9245
[DEBUG] Δ1: mean=-0.0000, std=0.1699
[DEBUG] Δ2: mean=-0.0000, std=0.2998
Epoch 10, Train Loss: 0.9280, Val Loss: 0.9050, AUC: 0.5356
[DEBUG] t2: mean=-0.0002, std=0.9630
[DEBUG] Δ1: mean=0.0000, std=0.5324
[DEBUG] Δ2: mean=0.0001, std=0.5101
[DEBUG] t2: mean=0.0002, std=0.9733
[DEBUG] Δ1: mean=0.0002, std=0.2089
[DEBUG] Δ2: mean=-0.0000, std=0.3270
[DEBUG] t2: mean=-0.0000, std=0.9619
[DEBUG] Δ1: mean=-0.0001, std=0.3818
[DEBUG] Δ2: mean=0.0001, std=0.6777
[DEBUG] t2: mean=0.0002, std=0.9733
[DEBUG] Δ1: mean=0.0002, std=0.2089
[DEBUG] Δ2: mean=-0.0000, std=0.3270
[DEBUG] t2: mean=-0.0002, std=0.9630
[DEBUG] Δ1: mean=0.0000, std=0.5324
[DEBUG] Δ2: mean=0.0001, std=0.5101
[DEBUG] t2: mean=0.0002, std=0.9733
[DEBUG] Δ1: mean=0.0002, std=0.2089
[DEBUG] Δ2: mean=-0.0000, std=0.3270
[DEBUG] t2: mean=-0.0002, std=0.9630
[DEBUG] Δ1: mean=0.0000, std=0.5324
[DEBUG] Δ2: mean=0.0001, std=0.5101
[DEBUG] t2: mean=0.0002, std=0.9733
[DEBUG] Δ1: mean=0.0002, std=0.2089
[DEBUG] Δ2: mean=-0.0000, std=0.3270
[DEBUG] t2: mean=-0.0002, std=0.9630
[DEBUG] Δ1: mean=0.0000, std=0.5324
[DEBUG] Δ2: mean=0.0001, std=0.5101
[DEBUG] t2: mean=-0.0000, std=0.9747
[DEBUG] Δ1: mean=0.0000, std=0.2559
[DEBUG] Δ2: mean=-0.0001, std=0.5599
[DEBUG] t2: mean=0.0000, std=0.9245
[DEBUG] Δ1: mean=-0.0000, std=0.1699
[DEBUG] Δ2: mean=-0.0000, std=0.2998
Epoch 11, Train Loss: 0.9496, Val Loss: 1.1455, AUC: 0.5247
[DEBUG] t2: mean=-0.0000, std=0.9619
[DEBUG] Δ1: mean=-0.0001, std=0.3818
[DEBUG] Δ2: mean=0.0001, std=0.6777
[DEBUG] t2: mean=-0.0002, std=0.9630
[DEBUG] Δ1: mean=0.0000, std=0.5324
[DEBUG] Δ2: mean=0.0001, std=0.5101
[DEBUG] t2: mean=-0.0000, std=0.9619
[DEBUG] Δ1: mean=-0.0001, std=0.3818
[DEBUG] Δ2: mean=0.0001, std=0.6777
[DEBUG] t2: mean=0.0002, std=0.9733
[DEBUG] Δ1: mean=0.0002, std=0.2089
[DEBUG] Δ2: mean=-0.0000, std=0.3270
[DEBUG] t2: mean=-0.0000, std=0.9747
[DEBUG] Δ1: mean=0.0000, std=0.2559
[DEBUG] Δ2: mean=-0.0001, std=0.5599
[DEBUG] t2: mean=0.0000, std=0.9245
[DEBUG] Δ1: mean=-0.0000, std=0.1699
[DEBUG] Δ2: mean=-0.0000, std=0.2998
Epoch 12, Train Loss: 0.9390, Val Loss: 0.9993, AUC: 0.5376
[DEBUG] t2: mean=-0.0002, std=0.9630
[DEBUG] Δ1: mean=0.0000, std=0.5324
[DEBUG] Δ2: mean=0.0001, std=0.5101
[DEBUG] t2: mean=0.0002, std=0.9733
[DEBUG] Δ1: mean=0.0002, std=0.2089
[DEBUG] Δ2: mean=-0.0000, std=0.3270
[DEBUG] t2: mean=-0.0000, std=0.9747
[DEBUG] Δ1: mean=0.0000, std=0.2559
[DEBUG] Δ2: mean=-0.0001, std=0.5599
[DEBUG] t2: mean=0.0000, std=0.9245
[DEBUG] Δ1: mean=-0.0000, std=0.1699
[DEBUG] Δ2: mean=-0.0000, std=0.2998
Epoch 13, Train Loss: 0.9427, Val Loss: 0.9762, AUC: 0.5444
⏹️ Early stopping at epoch 13
📈 Saved loss curve.
[DEBUG] t2: mean=-0.0000, std=0.9747
[DEBUG] Δ1: mean=0.0000, std=0.2559
[DEBUG] Δ2: mean=-0.0001, std=0.5599
[DEBUG] t2: mean=0.0000, std=0.9245
[DEBUG] Δ1: mean=-0.0000, std=0.1699
[DEBUG] Δ2: mean=-0.0000, std=0.2998

🎯 Optimal Threshold based on F1: 0.5480

--- Evaluation ---
Accuracy:  0.2785
Precision: 0.2621
Recall:    0.9870
F1 Score:  0.4185
ROC AUC:   0.5318
Confusion Matrix:
 [[  7 214]
 [  1  76]]
