This job can be monitored from: https://job.c3se.chalmers.se/alvis/3903817
Using device: cuda
Number of valid files: 1491
Epoch 1, Train Loss: 1.2688, Val Loss: 1.0484
Epoch 2, Train Loss: 0.9760, Val Loss: 1.0362
Epoch 3, Train Loss: 0.9592, Val Loss: 0.9940
Epoch 4, Train Loss: 0.9590, Val Loss: 0.9903
Epoch 5, Train Loss: 0.9414, Val Loss: 0.9839
Epoch 6, Train Loss: 0.9329, Val Loss: 0.9768
Epoch 7, Train Loss: 0.9223, Val Loss: 0.9870
Epoch 8, Train Loss: 0.9197, Val Loss: 0.9987
Epoch 9, Train Loss: 0.9068, Val Loss: 1.0874
Epoch 10, Train Loss: 0.8922, Val Loss: 1.0432
Epoch 11, Train Loss: 0.8689, Val Loss: 1.1013
Epoch 12, Train Loss: 0.8693, Val Loss: 1.1828
Epoch 13, Train Loss: 0.8447, Val Loss: 1.0325
Epoch 14, Train Loss: 0.8302, Val Loss: 1.1292
Epoch 15, Train Loss: 0.8009, Val Loss: 1.1343
Epoch 16, Train Loss: 0.7892, Val Loss: 1.1306
Epoch 17, Train Loss: 0.7384, Val Loss: 1.3741
Epoch 18, Train Loss: 0.7226, Val Loss: 1.3246
Epoch 19, Train Loss: 0.6653, Val Loss: 1.3976
Epoch 20, Train Loss: 0.5958, Val Loss: 1.4076
Epoch 21, Train Loss: 0.5591, Val Loss: 1.7681
Epoch 22, Train Loss: 0.5134, Val Loss: 1.8092
Epoch 23, Train Loss: 0.4655, Val Loss: 1.8618
Epoch 24, Train Loss: 0.4032, Val Loss: 2.0776
Epoch 25, Train Loss: 0.2901, Val Loss: 2.2064
Epoch 26, Train Loss: 0.1940, Val Loss: 2.6009
Epoch 27, Train Loss: 0.1686, Val Loss: 2.8705
Epoch 28, Train Loss: 0.0952, Val Loss: 2.7720
Epoch 29, Train Loss: 0.0765, Val Loss: 3.1511
Epoch 30, Train Loss: 0.0566, Val Loss: 3.2717
Loss curve saved as loss_curve.png

--- Evaluation Metrics ---
Accuracy: 0.540268456375839
Precision: 0.2980769230769231
Recall: 0.3263157894736842
F1 Score: 0.31155778894472363
ROC AUC Score: 0.49891107078039926
Confusion Matrix: 
 [[130  73]
 [ 64  31]]
✅ Training complete!
