This job can be monitored from: https://job.c3se.chalmers.se/alvis/4146509

🚀 Starting training for fold 1/5
Class balance - Positive weight: 1.97 (Neg:Pos ratio = 1.97:1)
Using Focal Loss with alpha=0.8, gamma=1.5

| Epoch | Train Loss | Val Loss | Val AUC | Val Accuracy | Val Precision | Val Recall | Val F1 |
|-------|------------|----------|---------|--------------|---------------|------------|--------|
|     1 | 0.359305 | 0.259784 | 0.591582 | 0.604730 | 0.400000 | 0.340000 | 0.367568 |
|     2 | 0.273993 | 0.260019 | 0.573163 | 0.486486 | 0.387931 | 0.900000 | 0.542169 |
|     3 | 0.274496 | 0.263326 | 0.528878 | 0.652027 | 0.000000 | 0.000000 | 0.000000 |
|     4 | 0.273948 | 0.270165 | 0.586429 | 0.662162 | 0.000000 | 0.000000 | 0.000000 |
|     5 | 0.275132 | 0.260975 | 0.555357 | 0.550676 | 0.361345 | 0.430000 | 0.392694 |
|     6 | 0.272940 | 0.260797 | 0.557704 | 0.564189 | 0.347368 | 0.330000 | 0.338462 |
|     7 | 0.270473 | 0.263556 | 0.549541 | 0.614865 | 0.281250 | 0.090000 | 0.136364 |
|     8 | 0.268101 | 0.263338 | 0.499694 | 0.533784 | 0.317308 | 0.330000 | 0.323529 |
|     9 | 0.268134 | 0.261790 | 0.528265 | 0.530405 | 0.336134 | 0.400000 | 0.365297 |
|    10 | 0.266664 | 0.262154 | 0.528367 | 0.557432 | 0.349515 | 0.360000 | 0.354680 |
|    11 | 0.272595 | 0.266220 | 0.559592 | 0.658784 | 0.000000 | 0.000000 | 0.000000 |
|    12 | 0.270727 | 0.261909 | 0.543061 | 0.486486 | 0.371287 | 0.750000 | 0.496689 |
|    13 | 0.273842 | 0.271687 | 0.576173 | 0.652027 | 0.400000 | 0.060000 | 0.104348 |
|    14 | 0.271074 | 0.260931 | 0.565663 | 0.469595 | 0.378723 | 0.890000 | 0.531343 |
|    15 | 0.272210 | 0.274496 | 0.560306 | 0.358108 | 0.342657 | 0.980000 | 0.507772 |
|    16 | 0.275581 | 0.261717 | 0.563980 | 0.614865 | 0.325000 | 0.130000 | 0.185714 |
|    17 | 0.270735 | 0.265860 | 0.505459 | 0.368243 | 0.344086 | 0.960000 | 0.506596 |
|    18 | 0.273969 | 0.261679 | 0.554490 | 0.554054 | 0.329787 | 0.310000 | 0.319588 |
|    19 | 0.263738 | 0.263657 | 0.531786 | 0.581081 | 0.353659 | 0.290000 | 0.318681 |
|    20 | 0.268460 | 0.262465 | 0.526480 | 0.486486 | 0.311594 | 0.430000 | 0.361345 |
|    21 | 0.267773 | 0.262172 | 0.544439 | 0.547297 | 0.358333 | 0.430000 | 0.390909 |
|    22 | 0.263262 | 0.266286 | 0.577653 | 0.614865 | 0.347826 | 0.160000 | 0.219178 |
|    23 | 0.262500 | 0.263200 | 0.545816 | 0.560811 | 0.375000 | 0.450000 | 0.409091 |
|    24 | 0.262132 | 0.266603 | 0.518469 | 0.442568 | 0.336683 | 0.670000 | 0.448161 |
|    25 | 0.259960 | 0.267980 | 0.551173 | 0.618243 | 0.405797 | 0.280000 | 0.331361 |
|    26 | 0.257916 | 0.266297 | 0.563571 | 0.550676 | 0.368000 | 0.460000 | 0.408889 |
|    27 | 0.250159 | 0.273366 | 0.526429 | 0.537162 | 0.349593 | 0.430000 | 0.385650 |
|    28 | 0.244808 | 0.272706 | 0.545969 | 0.587838 | 0.390000 | 0.390000 | 0.390000 |
|    29 | 0.244340 | 0.273281 | 0.553776 | 0.567568 | 0.397059 | 0.540000 | 0.457627 |
|    30 | 0.235003 | 0.275298 | 0.553316 | 0.543919 | 0.384106 | 0.580000 | 0.462151 |
|    31 | 0.262667 | 0.269132 | 0.556071 | 0.621622 | 0.411765 | 0.280000 | 0.333333 |
|    32 | 0.270316 | 0.266352 | 0.544694 | 0.645270 | 0.407407 | 0.110000 | 0.173228 |
|    33 | 0.264602 | 0.262805 | 0.551990 | 0.547297 | 0.396341 | 0.650000 | 0.492424 |
|    34 | 0.261729 | 0.267880 | 0.548980 | 0.425676 | 0.346491 | 0.790000 | 0.481707 |
|    35 | 0.257302 | 0.274404 | 0.564643 | 0.371622 | 0.338346 | 0.900000 | 0.491803 |
|    36 | 0.262677 | 0.274736 | 0.520612 | 0.391892 | 0.337398 | 0.830000 | 0.479769 |
|    37 | 0.259285 | 0.266388 | 0.530102 | 0.486486 | 0.343373 | 0.570000 | 0.428571 |
|    38 | 0.263047 | 0.269846 | 0.526786 | 0.587838 | 0.322581 | 0.200000 | 0.246914 |
|    39 | 0.258076 | 0.258372 | 0.610255 | 0.513514 | 0.379121 | 0.690000 | 0.489362 |
|    40 | 0.258307 | 0.267356 | 0.571531 | 0.611486 | 0.368421 | 0.210000 | 0.267516 |
|    41 | 0.262553 | 0.267531 | 0.532041 | 0.557432 | 0.321839 | 0.280000 | 0.299465 |
|    42 | 0.251889 | 0.327661 | 0.504031 | 0.645270 | 0.000000 | 0.000000 | 0.000000 |
|    43 | 0.254646 | 0.273721 | 0.542602 | 0.560811 | 0.358491 | 0.380000 | 0.368932 |
|    44 | 0.249787 | 0.277061 | 0.580918 | 0.587838 | 0.419118 | 0.570000 | 0.483051 |
|    45 | 0.246914 | 0.276887 | 0.544286 | 0.560811 | 0.382812 | 0.490000 | 0.429825 |
|    46 | 0.248708 | 0.271779 | 0.536582 | 0.523649 | 0.360544 | 0.530000 | 0.429150 |
|    47 | 0.230991 | 0.279893 | 0.573622 | 0.574324 | 0.402985 | 0.540000 | 0.461538 |
|    48 | 0.241711 | 0.304309 | 0.535357 | 0.564189 | 0.276923 | 0.180000 | 0.218182 |
|    49 | 0.223422 | 0.320629 | 0.496224 | 0.537162 | 0.316832 | 0.320000 | 0.318408 |
|    50 | 0.215642 | 0.303476 | 0.528418 | 0.516892 | 0.330709 | 0.420000 | 0.370044 |

✅ Evaluation for fold 1:

| Metric    | Value     |
|-----------|-----------|
| Loss      | 0.697150 |
| Auc       | 0.528418 |
| Accuracy  | 0.408784 |
| Precision | 0.349398 |
| Recall    | 0.870000 |
| F1        | 0.498567 |

🚀 Starting training for fold 2/5
Class balance - Positive weight: 1.99 (Neg:Pos ratio = 1.99:1)
Using Focal Loss with alpha=0.8, gamma=1.5

| Epoch | Train Loss | Val Loss | Val AUC | Val Accuracy | Val Precision | Val Recall | Val F1 |
|-------|------------|----------|---------|--------------|---------------|------------|--------|
|     1 | 0.337120 | 0.273109 | 0.494794 | 0.652027 | 0.000000 | 0.000000 | 0.000000 |
|     2 | 0.275260 | 0.266855 | 0.504905 | 0.398649 | 0.349398 | 0.844660 | 0.494318 |
|     3 | 0.274690 | 0.264711 | 0.512450 | 0.395270 | 0.361314 | 0.961165 | 0.525199 |
|     4 | 0.273737 | 0.265748 | 0.511444 | 0.537162 | 0.355932 | 0.407767 | 0.380090 |
|     5 | 0.275121 | 0.264949 | 0.501635 | 0.432432 | 0.360515 | 0.815534 | 0.500000 |
|     6 | 0.274426 | 0.268005 | 0.500277 | 0.493243 | 0.333333 | 0.456311 | 0.385246 |
|     7 | 0.273658 | 0.267218 | 0.510438 | 0.520270 | 0.341463 | 0.407767 | 0.371681 |
|     8 | 0.269712 | 0.265819 | 0.521052 | 0.550676 | 0.384615 | 0.485437 | 0.429185 |
|     9 | 0.265459 | 0.268632 | 0.514714 | 0.537162 | 0.336538 | 0.339806 | 0.338164 |
|    10 | 0.267766 | 0.268850 | 0.513708 | 0.537162 | 0.362903 | 0.436893 | 0.396476 |
|    11 | 0.272300 | 0.283597 | 0.533427 | 0.652027 | 0.500000 | 0.019417 | 0.037383 |
|    12 | 0.273599 | 0.267531 | 0.514312 | 0.597973 | 0.333333 | 0.155340 | 0.211921 |
|    13 | 0.271320 | 0.265157 | 0.534484 | 0.429054 | 0.362500 | 0.844660 | 0.507289 |
|    14 | 0.271743 | 0.273198 | 0.529554 | 0.648649 | 0.000000 | 0.000000 | 0.000000 |
|    15 | 0.266349 | 0.267275 | 0.504049 | 0.533784 | 0.342342 | 0.368932 | 0.355140 |
|    16 | 0.273004 | 0.266299 | 0.501509 | 0.469595 | 0.339286 | 0.553398 | 0.420664 |
|    17 | 0.270158 | 0.261302 | 0.618592 | 0.628378 | 0.464646 | 0.446602 | 0.455446 |
|    18 | 0.269899 | 0.267879 | 0.550631 | 0.638514 | 0.437500 | 0.135922 | 0.207407 |
|    19 | 0.264341 | 0.265088 | 0.550983 | 0.604730 | 0.390625 | 0.242718 | 0.299401 |
|    20 | 0.267479 | 0.266646 | 0.539967 | 0.442568 | 0.367521 | 0.834951 | 0.510386 |
|    21 | 0.261465 | 0.266470 | 0.562000 | 0.638514 | 0.423077 | 0.106796 | 0.170543 |
|    22 | 0.265772 | 0.266276 | 0.539011 | 0.456081 | 0.355000 | 0.689320 | 0.468647 |
|    23 | 0.264121 | 0.276599 | 0.600131 | 0.652027 | 0.500000 | 0.048544 | 0.088496 |
|    24 | 0.262077 | 0.269531 | 0.536596 | 0.459459 | 0.363636 | 0.737864 | 0.487179 |
|    25 | 0.257453 | 0.265601 | 0.579758 | 0.584459 | 0.409091 | 0.436893 | 0.422535 |
|    26 | 0.252090 | 0.272872 | 0.547160 | 0.557432 | 0.387097 | 0.466019 | 0.422907 |
|    27 | 0.243879 | 0.263969 | 0.575934 | 0.523649 | 0.381250 | 0.592233 | 0.463878 |
|    28 | 0.242242 | 0.271911 | 0.577343 | 0.601351 | 0.421053 | 0.388350 | 0.404040 |
|    29 | 0.231033 | 0.269819 | 0.574023 | 0.570946 | 0.413043 | 0.553398 | 0.473029 |
|    30 | 0.232326 | 0.270156 | 0.575633 | 0.574324 | 0.413534 | 0.533981 | 0.466102 |
|    31 | 0.259448 | 0.267752 | 0.492077 | 0.547297 | 0.360360 | 0.388350 | 0.373832 |
|    32 | 0.262496 | 0.263866 | 0.558177 | 0.540541 | 0.372093 | 0.466019 | 0.413793 |
|    33 | 0.262998 | 0.269818 | 0.542683 | 0.560811 | 0.390244 | 0.466019 | 0.424779 |
|    34 | 0.254902 | 0.276750 | 0.519946 | 0.564189 | 0.372549 | 0.368932 | 0.370732 |
|    35 | 0.261590 | 0.261562 | 0.580311 | 0.516892 | 0.376543 | 0.592233 | 0.460377 |
|    36 | 0.259307 | 0.291594 | 0.530862 | 0.648649 | 0.480000 | 0.116505 | 0.187500 |
|    37 | 0.257594 | 0.276888 | 0.528799 | 0.472973 | 0.366834 | 0.708738 | 0.483444 |
|    38 | 0.257101 | 0.268757 | 0.557070 | 0.486486 | 0.366120 | 0.650485 | 0.468531 |
|    39 | 0.261968 | 0.263371 | 0.575532 | 0.577703 | 0.405172 | 0.456311 | 0.429224 |
|    40 | 0.250856 | 0.285118 | 0.539263 | 0.601351 | 0.358491 | 0.184466 | 0.243590 |
|    41 | 0.251993 | 0.270322 | 0.552291 | 0.547297 | 0.357798 | 0.378641 | 0.367925 |
|    42 | 0.247306 | 0.260959 | 0.602495 | 0.581081 | 0.410256 | 0.466019 | 0.436364 |
|    43 | 0.244295 | 0.281394 | 0.542683 | 0.510135 | 0.368750 | 0.572816 | 0.448669 |
|    44 | 0.243098 | 0.294313 | 0.566125 | 0.594595 | 0.389610 | 0.291262 | 0.333333 |
|    45 | 0.244896 | 0.283047 | 0.568338 | 0.604730 | 0.402778 | 0.281553 | 0.331429 |
|    46 | 0.229028 | 0.270259 | 0.601791 | 0.523649 | 0.390805 | 0.660194 | 0.490975 |
|    47 | 0.226817 | 0.294743 | 0.596911 | 0.591216 | 0.428571 | 0.524272 | 0.471616 |
|    48 | 0.221340 | 0.326268 | 0.577091 | 0.554054 | 0.407643 | 0.621359 | 0.492308 |
|    49 | 0.230906 | 0.277139 | 0.588209 | 0.577703 | 0.408333 | 0.475728 | 0.439462 |
|    50 | 0.209623 | 0.335241 | 0.601388 | 0.631757 | 0.434783 | 0.194175 | 0.268456 |

✅ Evaluation for fold 2:

| Metric    | Value     |
|-----------|-----------|
| Loss      | 0.644038 |
| Auc       | 0.601388 |
| Accuracy  | 0.564189 |
| Precision | 0.410959 |
| Recall    | 0.582524 |
| F1        | 0.481928 |

🚀 Starting training for fold 3/5
Class balance - Positive weight: 1.95 (Neg:Pos ratio = 1.95:1)
Using Focal Loss with alpha=0.8, gamma=1.5

| Epoch | Train Loss | Val Loss | Val AUC | Val Accuracy | Val Precision | Val Recall | Val F1 |
|-------|------------|----------|---------|--------------|---------------|------------|--------|
|     1 | 0.359894 | 0.267528 | 0.522768 | 0.672297 | 0.000000 | 0.000000 | 0.000000 |
|     2 | 0.280348 | 0.275341 | 0.491685 | 0.672297 | 0.000000 | 0.000000 | 0.000000 |
|     3 | 0.276392 | 0.263681 | 0.487696 | 0.672297 | 0.000000 | 0.000000 | 0.000000 |
|     4 | 0.277246 | 0.265598 | 0.519038 | 0.402027 | 0.323009 | 0.752577 | 0.452012 |
|     5 | 0.275635 | 0.261299 | 0.519349 | 0.567568 | 0.317647 | 0.278351 | 0.296703 |
|     6 | 0.271895 | 0.262005 | 0.495312 | 0.429054 | 0.290698 | 0.515464 | 0.371747 |
|     7 | 0.268465 | 0.264008 | 0.510387 | 0.527027 | 0.330709 | 0.432990 | 0.375000 |
|     8 | 0.264001 | 0.265393 | 0.509454 | 0.496622 | 0.319444 | 0.474227 | 0.381743 |
|     9 | 0.265930 | 0.266448 | 0.487385 | 0.516892 | 0.320312 | 0.422680 | 0.364444 |
|    10 | 0.262433 | 0.267050 | 0.484951 | 0.527027 | 0.328000 | 0.422680 | 0.369369 |
|    11 | 0.273623 | 0.274428 | 0.522976 | 0.658784 | 0.166667 | 0.010309 | 0.019417 |
|    12 | 0.275554 | 0.271326 | 0.513651 | 0.327703 | 0.324138 | 0.969072 | 0.485788 |
|    13 | 0.276273 | 0.266151 | 0.458737 | 0.327703 | 0.290984 | 0.731959 | 0.416422 |
|    14 | 0.272331 | 0.264752 | 0.435632 | 0.489865 | 0.271186 | 0.329897 | 0.297674 |
|    15 | 0.272926 | 0.267157 | 0.445060 | 0.381757 | 0.278351 | 0.556701 | 0.371134 |
|    16 | 0.271360 | 0.265286 | 0.483396 | 0.567568 | 0.293333 | 0.226804 | 0.255814 |
|    17 | 0.269121 | 0.266828 | 0.442315 | 0.422297 | 0.289773 | 0.525773 | 0.373626 |
|    18 | 0.272327 | 0.264302 | 0.461327 | 0.652027 | 0.350000 | 0.072165 | 0.119658 |
|    19 | 0.268593 | 0.266481 | 0.466870 | 0.625000 | 0.347826 | 0.164948 | 0.223776 |
|    20 | 0.271924 | 0.269448 | 0.470963 | 0.405405 | 0.314554 | 0.690722 | 0.432258 |
|    21 | 0.264254 | 0.268186 | 0.482257 | 0.533784 | 0.304762 | 0.329897 | 0.316832 |
|    22 | 0.262401 | 0.267877 | 0.466145 | 0.547297 | 0.330275 | 0.371134 | 0.349515 |
|    23 | 0.265885 | 0.269500 | 0.496866 | 0.601351 | 0.360000 | 0.278351 | 0.313953 |
|    24 | 0.266815 | 0.268208 | 0.488836 | 0.466216 | 0.303226 | 0.484536 | 0.373016 |
|    25 | 0.260136 | 0.269399 | 0.486712 | 0.479730 | 0.308725 | 0.474227 | 0.373984 |
|    26 | 0.258896 | 0.280273 | 0.494949 | 0.391892 | 0.308756 | 0.690722 | 0.426752 |
|    27 | 0.250778 | 0.270432 | 0.517070 | 0.577703 | 0.370370 | 0.412371 | 0.390244 |
|    28 | 0.250609 | 0.270833 | 0.524115 | 0.554054 | 0.364341 | 0.484536 | 0.415929 |
|    29 | 0.238386 | 0.273129 | 0.528053 | 0.564189 | 0.359649 | 0.422680 | 0.388626 |
|    30 | 0.243418 | 0.273227 | 0.527949 | 0.574324 | 0.353535 | 0.360825 | 0.357143 |
|    31 | 0.263145 | 0.269219 | 0.488940 | 0.594595 | 0.346667 | 0.268041 | 0.302326 |
|    32 | 0.267261 | 0.269340 | 0.484381 | 0.466216 | 0.308176 | 0.505155 | 0.382812 |
|    33 | 0.258237 | 0.266454 | 0.487334 | 0.483108 | 0.325000 | 0.536082 | 0.404669 |
|    34 | 0.262508 | 0.267470 | 0.492100 | 0.581081 | 0.360825 | 0.360825 | 0.360825 |
|    35 | 0.262399 | 0.269498 | 0.483034 | 0.503378 | 0.318841 | 0.453608 | 0.374468 |
|    36 | 0.256836 | 0.268668 | 0.483396 | 0.614865 | 0.326531 | 0.164948 | 0.219178 |
|    37 | 0.258754 | 0.272803 | 0.485417 | 0.550676 | 0.323529 | 0.340206 | 0.331658 |
|    38 | 0.260244 | 0.276907 | 0.482723 | 0.439189 | 0.290909 | 0.494845 | 0.366412 |
|    39 | 0.251907 | 0.278198 | 0.519608 | 0.648649 | 0.370370 | 0.103093 | 0.161290 |
|    40 | 0.251047 | 0.272353 | 0.495208 | 0.466216 | 0.310559 | 0.515464 | 0.387597 |
|    41 | 0.256812 | 0.277864 | 0.488732 | 0.479730 | 0.325153 | 0.546392 | 0.407692 |
|    42 | 0.254754 | 0.279444 | 0.540434 | 0.577703 | 0.365385 | 0.391753 | 0.378109 |
|    43 | 0.248659 | 0.291667 | 0.545615 | 0.402027 | 0.333333 | 0.824742 | 0.474777 |
|    44 | 0.247111 | 0.268261 | 0.557737 | 0.574324 | 0.385827 | 0.505155 | 0.437500 |
|    45 | 0.241550 | 0.286380 | 0.541004 | 0.513514 | 0.350318 | 0.567010 | 0.433071 |
|    46 | 0.241877 | 0.292330 | 0.547324 | 0.527027 | 0.372781 | 0.649485 | 0.473684 |
|    47 | 0.229617 | 0.277801 | 0.566596 | 0.554054 | 0.375887 | 0.546392 | 0.445378 |
|    48 | 0.233868 | 0.273710 | 0.560949 | 0.604730 | 0.393617 | 0.381443 | 0.387435 |
|    49 | 0.226685 | 0.296048 | 0.540900 | 0.540541 | 0.361702 | 0.525773 | 0.428571 |
|    50 | 0.227506 | 0.269734 | 0.580065 | 0.557432 | 0.376812 | 0.536082 | 0.442553 |

✅ Evaluation for fold 3:

| Metric    | Value     |
|-----------|-----------|
| Loss      | 0.685523 |
| Auc       | 0.580065 |
| Accuracy  | 0.347973 |
| Precision | 0.329787 |
| Recall    | 0.958763 |
| F1        | 0.490765 |

🚀 Starting training for fold 4/5
Class balance - Positive weight: 2.04 (Neg:Pos ratio = 2.04:1)
Using Focal Loss with alpha=0.8, gamma=1.5

| Epoch | Train Loss | Val Loss | Val AUC | Val Accuracy | Val Precision | Val Recall | Val F1 |
|-------|------------|----------|---------|--------------|---------------|------------|--------|
|     1 | 0.345311 | 0.266562 | 0.571358 | 0.439189 | 0.385542 | 0.880734 | 0.536313 |
|     2 | 0.279905 | 0.275357 | 0.444684 | 0.631757 | 0.000000 | 0.000000 | 0.000000 |
|     3 | 0.278968 | 0.270679 | 0.441643 | 0.625000 | 0.375000 | 0.027523 | 0.051282 |
|     4 | 0.277108 | 0.266331 | 0.557131 | 0.476351 | 0.400000 | 0.844037 | 0.542773 |
|     5 | 0.269264 | 0.266421 | 0.538831 | 0.462838 | 0.382075 | 0.743119 | 0.504673 |
|     6 | 0.272397 | 0.278498 | 0.495585 | 0.631757 | 0.000000 | 0.000000 | 0.000000 |
|     7 | 0.272085 | 0.270581 | 0.529951 | 0.614865 | 0.432432 | 0.146789 | 0.219178 |
|     8 | 0.263046 | 0.269329 | 0.517981 | 0.550676 | 0.369565 | 0.311927 | 0.338308 |
|     9 | 0.267202 | 0.267845 | 0.535250 | 0.547297 | 0.378641 | 0.357798 | 0.367925 |
|    10 | 0.264278 | 0.268135 | 0.540696 | 0.550676 | 0.375000 | 0.330275 | 0.351220 |
|    11 | 0.277589 | 0.270694 | 0.536722 | 0.621622 | 0.451613 | 0.128440 | 0.200000 |
|    12 | 0.277563 | 0.266222 | 0.557131 | 0.381757 | 0.373288 | 1.000000 | 0.543641 |
|    13 | 0.269674 | 0.270895 | 0.501398 | 0.584459 | 0.387097 | 0.220183 | 0.280702 |
|    14 | 0.270989 | 0.265548 | 0.565520 | 0.520270 | 0.393548 | 0.559633 | 0.462121 |
|    15 | 0.268285 | 0.269798 | 0.502183 | 0.543919 | 0.370000 | 0.339450 | 0.354067 |
|    16 | 0.270767 | 0.266971 | 0.547809 | 0.520270 | 0.397516 | 0.587156 | 0.474074 |
|    17 | 0.271569 | 0.268505 | 0.505912 | 0.445946 | 0.352941 | 0.605505 | 0.445946 |
|    18 | 0.271604 | 0.273728 | 0.561792 | 0.611486 | 0.333333 | 0.055046 | 0.094488 |
|    19 | 0.266923 | 0.265688 | 0.578570 | 0.587838 | 0.430108 | 0.366972 | 0.396040 |
|    20 | 0.264321 | 0.267584 | 0.537752 | 0.493243 | 0.389189 | 0.660550 | 0.489796 |
|    21 | 0.264719 | 0.280001 | 0.511995 | 0.591216 | 0.384615 | 0.183486 | 0.248447 |
|    22 | 0.265866 | 0.269917 | 0.533729 | 0.513514 | 0.375887 | 0.486239 | 0.424000 |
|    23 | 0.267392 | 0.270271 | 0.549379 | 0.587838 | 0.431579 | 0.376147 | 0.401961 |
|    24 | 0.263167 | 0.281818 | 0.542903 | 0.614865 | 0.424242 | 0.128440 | 0.197183 |
|    25 | 0.256758 | 0.276293 | 0.539911 | 0.564189 | 0.400000 | 0.366972 | 0.382775 |
|    26 | 0.251289 | 0.275380 | 0.549478 | 0.547297 | 0.400000 | 0.458716 | 0.427350 |
|    27 | 0.247227 | 0.275777 | 0.554138 | 0.570946 | 0.416667 | 0.412844 | 0.414747 |
|    28 | 0.248875 | 0.273049 | 0.569985 | 0.557432 | 0.409836 | 0.458716 | 0.432900 |
|    29 | 0.230929 | 0.276978 | 0.564147 | 0.543919 | 0.381818 | 0.385321 | 0.383562 |
|    30 | 0.240398 | 0.278200 | 0.569200 | 0.547297 | 0.362637 | 0.302752 | 0.330000 |
|    31 | 0.262740 | 0.270905 | 0.518618 | 0.510135 | 0.380000 | 0.522936 | 0.440154 |
|    32 | 0.264875 | 0.281187 | 0.535152 | 0.429054 | 0.377049 | 0.844037 | 0.521246 |
|    33 | 0.265146 | 0.279506 | 0.572340 | 0.597973 | 0.321429 | 0.082569 | 0.131387 |
|    34 | 0.254850 | 0.284457 | 0.632095 | 0.601351 | 0.371429 | 0.119266 | 0.180556 |
|    35 | 0.266276 | 0.284413 | 0.591081 | 0.614865 | 0.419355 | 0.119266 | 0.185714 |
|    36 | 0.253513 | 0.281463 | 0.562528 | 0.614865 | 0.380952 | 0.073394 | 0.123077 |
|    37 | 0.258132 | 0.286673 | 0.561743 | 0.611486 | 0.437500 | 0.192661 | 0.267516 |
|    38 | 0.258857 | 0.279260 | 0.546632 | 0.527027 | 0.398693 | 0.559633 | 0.465649 |
|    39 | 0.250414 | 0.293369 | 0.574253 | 0.635135 | 0.521739 | 0.110092 | 0.181818 |
|    40 | 0.247867 | 0.278104 | 0.572683 | 0.564189 | 0.388889 | 0.321101 | 0.351759 |
|    41 | 0.251348 | 0.312771 | 0.553353 | 0.631757 | 0.500000 | 0.045872 | 0.084034 |
|    42 | 0.250052 | 0.270876 | 0.579797 | 0.581081 | 0.450331 | 0.623853 | 0.523077 |
|    43 | 0.242710 | 0.275102 | 0.584360 | 0.516892 | 0.420561 | 0.825688 | 0.557276 |
|    44 | 0.242598 | 0.284083 | 0.555414 | 0.533784 | 0.387597 | 0.458716 | 0.420168 |
|    45 | 0.234777 | 0.294457 | 0.599912 | 0.621622 | 0.484536 | 0.431193 | 0.456311 |
|    46 | 0.234546 | 0.327792 | 0.535544 | 0.483108 | 0.388889 | 0.706422 | 0.501629 |
|    47 | 0.225946 | 0.293496 | 0.566452 | 0.557432 | 0.424658 | 0.568807 | 0.486275 |
|    48 | 0.226024 | 0.321245 | 0.575283 | 0.587838 | 0.443478 | 0.467890 | 0.455357 |
|    49 | 0.217708 | 0.291298 | 0.558407 | 0.564189 | 0.418033 | 0.467890 | 0.441558 |
|    50 | 0.210979 | 0.309477 | 0.554972 | 0.543919 | 0.404412 | 0.504587 | 0.448980 |

✅ Evaluation for fold 4:

| Metric    | Value     |
|-----------|-----------|
| Loss      | 0.712152 |
| Auc       | 0.554972 |
| Accuracy  | 0.391892 |
| Precision | 0.369004 |
| Recall    | 0.917431 |
| F1        | 0.526316 |

🚀 Starting training for fold 5/5
Class balance - Positive weight: 1.89 (Neg:Pos ratio = 1.89:1)
Using Focal Loss with alpha=0.8, gamma=1.5

| Epoch | Train Loss | Val Loss | Val AUC | Val Accuracy | Val Precision | Val Recall | Val F1 |
|-------|------------|----------|---------|--------------|---------------|------------|--------|
|     1 | 0.348236 | 0.254311 | 0.553398 | 0.695946 | 0.500000 | 0.022222 | 0.042553 |
|     2 | 0.276949 | 0.254635 | 0.533441 | 0.695946 | 0.000000 | 0.000000 | 0.000000 |
|     3 | 0.278268 | 0.261031 | 0.499676 | 0.304054 | 0.304054 | 1.000000 | 0.466321 |
|     4 | 0.274343 | 0.254311 | 0.556796 | 0.513514 | 0.312500 | 0.500000 | 0.384615 |
|     5 | 0.277116 | 0.256562 | 0.491586 | 0.408784 | 0.282051 | 0.611111 | 0.385965 |
|     6 | 0.274976 | 0.254637 | 0.580906 | 0.402027 | 0.332046 | 0.955556 | 0.492837 |
|     7 | 0.264516 | 0.253219 | 0.558198 | 0.702703 | 0.535714 | 0.166667 | 0.254237 |
|     8 | 0.269255 | 0.252509 | 0.565426 | 0.557432 | 0.341085 | 0.488889 | 0.401826 |
